<?xml version="1.0" encoding="UTF-8"?>
<!-- Generated by org.testng.reporters.JUnitXMLReporter -->
<testsuite ignored="0" hostname="tcs130522" failures="1" tests="1" name="LoginTest" time="0.049" errors="0" timestamp="2025-08-15T13:06:37 IST">
  <testcase classname="tests.LoginTest" name="testLogin" time="0.0">
    <failure type="org.testng.TestNGException" message="
Parameter &amp;apos;username&amp;apos; is required by @Test on method testLogin but has not been marked @Optional or defined
in D:\NewProj\testng1.xml">
      <![CDATA[org.testng.TestNGException: 
Parameter 'username' is required by @Test on method testLogin but has not been marked @Optional or defined
in D:\NewProj\testng1.xml
at java.base/java.util.ArrayList.forEach(ArrayList.java:1596)
... Removed 26 stack frames]]>
    </failure>
  </testcase> <!-- testLogin -->
</testsuite> <!-- LoginTest -->
